shs-tube-v2/shs-tube-v2-main/app/build/outputs/mapping/release/seeds.txt
com.shslab.shstube.downloads.DownloadsAdapter$VH
com.shslab.shstube.data.DownloadRepository$updateProgress$2
com.shslab.shstube.browser.BrowserFragment$onCreateView$2
com.shslab.shstube.downloads.DownloadsFragment$sam$androidx_lifecycle_Observer$0
com.shslab.shstube.service.DownloadService$Companion
com.shslab.shstube.player.PlayerActivity$onCreate$1
com.shslab.shstube.downloads.DownloadQueue$startDirect$1
com.shslab.shstube.databinding.ActivityDevLogBinding
com.shslab.shstube.downloads.FormatSheet$onCreateView$5$2
com.shslab.shstube.search.SearchFragment
com.shslab.shstube.downloads.FormatAdapter$VH
com.shslab.shstube.downloads.FormatSheet
com.shslab.shstube.share.ShareCatcherActivity$handleTorrent$1$2
com.shslab.shstube.torrent.TorrentFragment
com.shslab.shstube.data.DownloadRepository$clearAllAsync$1
com.shslab.shstube.browser.BrowserFragment$onCreateView$3
com.shslab.shstube.data.DownloadRepository$deleteAsync$1
com.shslab.shstube.downloads.SmartDownloadRouter
com.shslab.shstube.share.ShareCatcherActivity$handleTorrent$1$1
com.shslab.shstube.service.DownloadService$runJob$2
com.shslab.shstube.browser.BrowserSettings$Engine
com.shslab.shstube.R$drawable
com.shslab.shstube.downloads.SmartDownloadRouter$fetchTorrentFileThenSelect$1$parsed$1
com.shslab.shstube.data.DownloadRepository
com.shslab.shstube.downloads.SmartDownloadRouter$fetchTorrentFileThenSelect$1
com.shslab.shstube.search.SearchAdapter$VH
com.shslab.shstube.data.DownloadRepository$snapshot$2
com.shslab.shstube.databinding.ActivityStorageSetupBinding
com.shslab.shstube.service.DownloadService$runJob$2$1$1
com.shslab.shstube.data.DownloadDao_Impl
com.shslab.shstube.share.ShareSheetFragment$Quality
com.shslab.shstube.setup.StorageSetupActivity
com.shslab.shstube.R$style
com.shslab.shstube.torrent.TorrentSettingsDialog
com.shslab.shstube.downloads.FormatSheet$onCreateView$5$3
com.shslab.shstube.browser.BrowserSettings$Engine$Companion
com.shslab.shstube.search.SearchHit
com.shslab.shstube.data.AppDatabase
com.shslab.shstube.downloads.DownloadsFragment
com.shslab.shstube.torrent.TorrentAdapter
com.shslab.shstube.databinding.ItemDownloadBinding
com.shslab.shstube.service.DownloadService$Companion$killProcessAndCleanup$2
com.shslab.shstube.util.NewPipeDownloader$Companion
com.shslab.shstube.downloads.FormatSheet$onCreateView$5$invokeSuspend$$inlined$sortedByDescending$1
com.shslab.shstube.ShsTubeApp$onCreate$2
com.shslab.shstube.downloads.SmartDownloadRouter$resolveMagnetThenSelect$1$parsed$1
com.shslab.shstube.MainActivity$onCreate$2
com.shslab.shstube.util.DevLog
com.shslab.shstube.data.DownloadRepository$markCompleted$2
com.shslab.shstube.torrent.TorrentEngine$start$1
com.shslab.shstube.util.NewPipeDownloader
com.shslab.shstube.about.AboutFragment$onCreateView$7$1
com.shslab.shstube.downloads.DownloadsFragment$onCreateView$8$1$1
com.shslab.shstube.R$mipmap
com.shslab.shstube.devlog.DevLogActivity
com.shslab.shstube.share.ShareSheetFragment
com.shslab.shstube.browser.AdBlocker
com.shslab.shstube.torrent.TorrentEngine
com.shslab.shstube.databinding.ItemTorrentBinding
com.shslab.shstube.ShsTubeApp$onCreate$4
com.shslab.shstube.downloads.FormatSheet$onCreateView$5
com.shslab.shstube.share.ShareSheetFragment$onViewCreated$1$3
com.shslab.shstube.share.ShareCatcherActivity$handleTorrent$1
com.shslab.shstube.share.CarouselSheetFragment$Entry
com.shslab.shstube.torrent.TorrentFileSelectorDialog$startAsync$1$1
com.shslab.shstube.share.ShareSheetFragment$onViewCreated$1
com.shslab.shstube.data.DownloadRepository$insert$2
com.shslab.shstube.databinding.FragmentTorrentBinding
com.shslab.shstube.share.CarouselSheetFragment
com.shslab.shstube.ShsTubeApp$onCreate$3
com.shslab.shstube.downloads.DownloadsAdapter$submit$diff$1
com.shslab.shstube.torrent.TorrentEngine$ParsedTorrent
com.shslab.shstube.R$id
com.shslab.shstube.share.CarouselSheetFragment$Companion
com.shslab.shstube.torrent.TorrentFileSelectorDialog$startAsync$1$res$1
...
org.schabi.newpipe.extractor.services.peertube.extractors.PeertubeStreamExtractor: java.lang.String getHost()
androidx.media3.exoplayer.audio.AudioCapabilities$Api23: com.google.common.collect.ImmutableSet getAllBluetoothDeviceTypes()
org.libtorrent4j.swig.libtorrent_jni: long sha256_hash_size()
org.libtorrent4j.swig.partial_piece_info: void setRequested(int)
androidx.media3.exoplayer.source.ProgressiveMediaPeriod$ExtractingLoadable: long access$400(androidx.media3.exoplayer.source.ProgressiveMediaPeriod$ExtractingLoadable)
androidx.media3.ui.PlayerControlView: void access$4000(androidx.media3.ui.PlayerControlView,int)
androidx.media3.common.util.AtomicFile$AtomicFileOutputStream: void write(byte[])
org.schabi.newpipe.extractor.services.youtube.PoTokenProvider: org.schabi.newpipe.extractor.services.youtube.PoTokenResult getAndroidClientPoToken(java.lang.String)
androidx.media3.exoplayer.video.VideoFrameReleaseControl$FrameReleaseInfo: long access$202(androidx.media3.exoplayer.video.VideoFrameReleaseControl$FrameReleaseInfo,long)
okhttp3.internal.platform.android.ConscryptSocketAdapter$Companion: okhttp3.internal.platform.android.DeferredSocketAdapter$Factory getFactory()
okhttp3.OkHttpClient: boolean followRedirects()
okhttp3.internal.cache.DiskLruCache$Entry: void writeLengths$okhttp(okio.BufferedSink)
androidx.media3.ui.WebViewSubtitleOutput: int anchorTypeToTranslatePercent(int)
androidx.media3.extractor.mp4.Track: androidx.media3.extractor.mp4.TrackEncryptionBox getSampleDescriptionEncryptionBox(int)
androidx.media3.datasource.TeeDataSource: TeeDataSource(androidx.media3.datasource.DataSource,androidx.media3.datasource.DataSink)
androidx.media3.common.ForwardingPlayer: boolean isLoading()
androidx.media3.exoplayer.source.preload.DefaultPreloadManager$SourcePreloadControl: boolean lambda$onSourcePrepared$0(androidx.media3.exoplayer.source.preload.DefaultPreloadManager$Status)
androidx.media3.common.util.GlProgram: void bindAttributesAndUniforms()
okhttp3.RequestBody: okhttp3.RequestBody create(byte[],okhttp3.MediaType,int)
org.libtorrent4j.swig.file_flags_t: boolean eq(org.libtorrent4j.swig.file_flags_t)
androidx.media3.exoplayer.ExoPlayerImplInternal: void setPlayWhenReady(boolean,int,int)
com.google.android.material.textfield.TextInputLayout: void setDefaultHintTextColor(android.content.res.ColorStateList)
androidx.media3.exoplayer.source.IcyDataSource: android.net.Uri getUri()
androidx.media3.exoplayer.source.ProgressiveMediaPeriod$ExtractingLoadable: ProgressiveMediaPeriod$ExtractingLoadable(androidx.media3.exoplayer.source.ProgressiveMediaPeriod,android.net.Uri,androidx.media3.datasource.DataSource,androidx.media3.exoplayer.source.ProgressiveMediaExtractor,androidx.media3.extractor.ExtractorOutput,androidx.media3.common.util.ConditionVariable)
okhttp3.internal.ws.RealWebSocket: okhttp3.WebSocketListener getListener$okhttp()
okhttp3.Handshake: java.util.List -deprecated_peerCertificates()
org.libtorrent4j.swig.block_downloading_alert: int getBlock_index()
org.schabi.newpipe.extractor.services.bandcamp.extractors.streaminfoitem.BandcampPlaylistStreamInfoItemExtractor: BandcampPlaylistStreamInfoItemExtractor(com.grack.nanojson.JsonObject,java.lang.String,java.util.List)
org.libtorrent4j.swig.block_timeout_alert: void delete()
org.libtorrent4j.swig.string_string_map: void clear()
okhttp3.Cookie: okhttp3.Cookie parse(okhttp3.HttpUrl,java.lang.String)
org.libtorrent4j.swig.piece_finished_alert: long getCPtr(org.libtorrent4j.swig.piece_finished_alert)
androidx.media3.exoplayer.trackselection.DefaultTrackSelector: int getMaxVideoPixelsToRetainForViewport(androidx.media3.common.TrackGroup,int,int,boolean)
androidx.media3.exoplayer.ExoPlayerImplInternal: void doSomeWork()
org.libtorrent4j.swig.ip_interface: long getCPtr(org.libtorrent4j.swig.ip_interface)
androidx.recyclerview.widget.RecyclerView: void setNestedScrollingEnabled(boolean)