shs-tube-v2/shs-tube-v2-main/app/build/outputs/mapping/release/usage.txt
com.shslab.shstube.MainActivity$$InternalSyntheticLambda$1$42f160d9e12079975efd3d211a37530f5cbd7c9806e5a120f7eae313164cddaf$0:
    public final boolean onNavigationItemSelected()
com.shslab.shstube.data.DownloadDao_Impl$$InternalSyntheticLambda$1$22c573698d48140114fffea397bbb41bf8623c9fa98b561e8cdcbf75fb1af210$0
com.shslab.shstube.data.DownloadDao_Impl:
    public static synthetic java.util.List $r8$lambda$j3WUOKsRIv1chTkHvyPyk-zGYjs(androidx.sqlite.SQLiteConnection)
...
coil.fetch.ResourceUriFetcher:
    private static final java.lang.String MIME_TYPE_XML
coil.fetch.SourceResult:
    public final coil.fetch.SourceResult copy(coil.decode.ImageSource,java.lang.String,coil.decode.DataSource)
    public static synthetic coil.fetch.SourceResult copy$default(coil.fetch.SourceResult,coil.decode.ImageSource,java.lang.String,coil.decode.DataSource,int,java.lang.Object)
    public final java.lang.String getMimeType()
coil.intercept.EngineInterceptor:
    private static final java.lang.String TAG
coil.intercept.Interceptor$Chain:
    public abstract java.lang.Object proceed(coil.request.ImageRequest,kotlin.coroutines.Continuation)
    public abstract coil.intercept.Interceptor$Chain withRequest(coil.request.ImageRequest)
    public abstract coil.intercept.Interceptor$Chain withSize(coil.size.Size)
coil.intercept.RealInterceptorChain:
    public final int getIndex()
    public final coil.request.ImageRequest getInitialRequest()
    public final java.util.List getInterceptors()
    public coil.intercept.Interceptor$Chain withRequest(coil.request.ImageRequest)
    public coil.intercept.Interceptor$Chain withSize(coil.size.Size)
coil.memory.EmptyStrongMemoryCache:
    public void clearMemory()
    public java.util.Set getKeys()
    public int getMaxSize()
    public int getSize()
    public boolean remove(coil.memory.MemoryCache$Key)
coil.memory.EmptyWeakMemoryCache:
    public void clearMemory()
    public java.util.Set getKeys()
    public boolean remove(coil.memory.MemoryCache$Key)
coil.memory.MemoryCache$Builder:
    public final coil.memory.MemoryCache$Builder maxSizeBytes(int)
    public final coil.memory.MemoryCache$Builder maxSizePercent(double)
    public final coil.memory.MemoryCache$Builder strongReferencesEnabled(boolean)
    public final coil.memory.MemoryCache$Builder weakReferencesEnabled(boolean)
coil.memory.MemoryCache$Key:
    public final java.lang.String getKey()
coil.memory.MemoryCache$Value:
    public synthetic void <init>(android.graphics.Bitmap,java.util.Map,int,kotlin.jvm.internal.DefaultConstructorMarker)
    public final coil.memory.MemoryCache$Value copy(android.graphics.Bitmap,java.util.Map)
    public static synthetic coil.memory.MemoryCache$Value copy$default(coil.memory.MemoryCache$Value,android.graphics.Bitmap,java.util.Map,int,java.lang.Object)
coil.memory.MemoryCache:
    public abstract void clear()
    public abstract java.util.Set getKeys()
    public abstract int getMaxSize()
    public abstract int getSize()
    public abstract boolean remove(coil.memory.MemoryCache$Key)
coil.memory.MemoryCacheService$Companion:
    public static synthetic void getEXTRA_DISK_CACHE_KEY$coil_base_release$annotations()
    public static synthetic void getEXTRA_IS_SAMPLED$coil_base_release$annotations()
    public static synthetic void getEXTRA_TRANSFORMATION_INDEX$coil_base_release$annotations()
    public static synthetic void getEXTRA_TRANSFORMATION_SIZE$coil_base_release$annotations()
coil.memory.MemoryCacheService:
    public static final java.lang.String EXTRA_DISK_CACHE_KEY
    public static final java.lang.String EXTRA_IS_SAMPLED
    public static final java.lang.String EXTRA_TRANSFORMATION_INDEX
    public static final java.lang.String EXTRA_TRANSFORMATION_SIZE
    private static final java.lang.String TAG
coil.memory.RealMemoryCache:
    public void clear()
    public java.util.Set getKeys()
    public int getMaxSize()
    public int getSize()
    public boolean remove(coil.memory.MemoryCache$Key)
coil.memory.RealStrongMemoryCache:
    public java.util.Set getKeys()
    public boolean remove(coil.memory.MemoryCache$Key)